#
# There is insufficient memory for the Java Runtime Environment to continue.
# Native memory allocation (malloc) failed to allocate 1954736 bytes for Chunk::new
# Possible reasons:
#   The system is out of physical RAM or swap space
#   The process is running with CompressedOops enabled, and the Java Heap may be blocking the growth of the native heap
# Possible solutions:
#   Reduce memory load on the system
#   Increase physical memory or swap space
#   Check if swap backing store is full
#   Decrease Java heap size (-Xmx/-Xms)
#   Decrease number of Java threads
#   Decrease Java thread stack sizes (-Xss)
#   Set larger code cache with -XX:ReservedCodeCacheSize=
#   JVM is running with Unscaled Compressed Oops mode in which the Java heap is
#     placed in the first 4GB address space. The Java Heap base address is the
#     maximum limit for the native heap growth. Please use -XX:HeapBaseMinAddress
#     to set the Java Heap base and to place the Java Heap above 4GB virtual address.
# This output file may be truncated or incomplete.
#
#  Out of Memory Error (./src/hotspot/share/memory/arena.cpp:197), pid=18340, tid=5864
#
# JRE version: OpenJDK Runtime Environment Corretto-11.0.17.8.1 (11.0.17+8) (build 11.0.17+8-LTS)
# Java VM: OpenJDK 64-Bit Server VM Corretto-11.0.17.8.1 (11.0.17+8-LTS, mixed mode, tiered, compressed oops, g1 gc, windows-amd64)
# No core dump will be written. Minidumps are not enabled by default on client versions of Windows
#

---------------  S U M M A R Y ------------

Command Line: -Dclassworlds.conf=C:\Program Files\apache-maven-3.8.6\bin\m2.conf -Dmaven.home=C:\Program Files\apache-maven-3.8.6 -Dlibrary.jansi.path=C:\Program Files\apache-maven-3.8.6\lib\jansi-native -Dmaven.multiModuleProjectDirectory=C:\Users\Yuliya\Java-projects\java-explore-with-me org.codehaus.plexus.classworlds.launcher.Launcher clean package

Host: Intel(R) Core(TM) i5-6600K CPU @ 3.50GHz, 4 cores, 3G,  Windows 10 , 64 bit Build 19041 (10.0.19041.2546)
Time: Thu Mar  2 21:24:24 2023 RTZ 2 (s 10 , 64 bit Build 19041 (10.0.19041.2546) elapsed time: 6.730451 seconds (0d 0h 0m 6s)

---------------  T H R E A D  ---------------

Current thread (0x00000206f5f2d000):  JavaThread "C2 CompilerThread0" daemon [_thread_in_native, id=5864, stack(0x00000085f0e00000,0x00000085f0f00000)]


Current CompileTask:
C2:   6731 5596   !   4       com.sun.tools.javac.jvm.ClassReader::classSigToType (498 bytes)

Stack: [0x00000085f0e00000,0x00000085f0f00000]
Native frames: (J=compiled Java code, j=interpreted, Vv=VM code, C=native code)
V  [jvm.dll+0x61f66a]
V  [jvm.dll+0x7ac889]
V  [jvm.dll+0x7adf78]
V  [jvm.dll+0x7ae653]
V  [jvm.dll+0x24fbe8]
V  [jvm.dll+0xc262c]
V  [jvm.dll+0xc2bec]
V  [jvm.dll+0x359ff2]
V  [jvm.dll+0x325fc3]
V  [jvm.dll+0x3252fa]
V  [jvm.dll+0x209083]
V  [jvm.dll+0x20818d]
V  [jvm.dll+0x18a3c1]
V  [jvm.dll+0x217894]
V  [jvm.dll+0x215adb]
V  [jvm.dll+0x76f380]
V  [jvm.dll+0x7682b4]
V  [jvm.dll+0x61e4d5]
C  [ucrtbase.dll+0x21bb2]
C  [KERNEL32.DLL+0x17614]
C  [ntdll.dll+0x526a1]


---------------  P R O C E S S  ---------------

Threads class SMR info:
_java_thread_list=0x00000206f8d69f10, length=10, elements={
0x00000206d8dfb800, 0x00000206f5ed2800, 0x00000206f5ec8800, 0x00000206f5f23000,
0x00000206f5f24000, 0x00000206f5f26800, 0x00000206f5f2d000, 0x00000206f5f2e800,
0x00000206f60bf000, 0x00000206f61c1800
}

Java Threads: ( => current thread )
  0x00000206d8dfb800 JavaThread "main" [_thread_in_native, id=14716, stack(0x00000085f0200000,0x00000085f0300000)]
  0x00000206f5ed2800 JavaThread "Reference Handler" daemon [_thread_blocked, id=10640, stack(0x00000085f0900000,0x00000085f0a00000)]
  0x00000206f5ec8800 JavaThread "Finalizer" daemon [_thread_blocked, id=15460, stack(0x00000085f0a00000,0x00000085f0b00000)]
  0x00000206f5f23000 JavaThread "Signal Dispatcher" daemon [_thread_blocked, id=15420, stack(0x00000085f0b00000,0x00000085f0c00000)]
  0x00000206f5f24000 JavaThread "Attach Listener" daemon [_thread_blocked, id=19548, stack(0x00000085f0c00000,0x00000085f0d00000)]
  0x00000206f5f26800 JavaThread "Service Thread" daemon [_thread_blocked, id=6308, stack(0x00000085f0d00000,0x00000085f0e00000)]
=>0x00000206f5f2d000 JavaThread "C2 CompilerThread0" daemon [_thread_in_native, id=5864, stack(0x00000085f0e00000,0x00000085f0f00000)]
  0x00000206f5f2e800 JavaThread "C1 CompilerThread0" daemon [_thread_blocked, id=6496, stack(0x00000085f0f00000,0x00000085f1000000)]
  0x00000206f60bf000 JavaThread "Sweeper thread" daemon [_thread_blocked, id=12364, stack(0x00000085f1000000,0x00000085f1100000)]
  0x00000206f61c1800 JavaThread "Common-Cleaner" daemon [_thread_blocked, id=18544, stack(0x00000085f1200000,0x00000085f1300000)]

Other Threads:
  0x00000206f5ebd800 VMThread "VM Thread" [stack: 0x00000085f0800000,0x00000085f0900000] [id=11772]
  0x00000206f61b9000 WatcherThread [stack: 0x00000085f1100000,0x00000085f1200000] [id=19728]
  0x00000206d8e13000 GCTaskThread "GC Thread#0" [stack: 0x00000085f0300000,0x00000085f0400000] [id=20056]
  0x00000206f6b7d000 GCTaskThread "GC Thread#1" [stack: 0x00000085f1300000,0x00000085f1400000] [id=19424]
  0x00000206f8d75800 GCTaskThread "GC Thread#2" [stack: 0x00000085f1900000,0x00000085f1a00000] [id=20004]
  0x00000206f8f6b800 GCTaskThread "GC Thread#3" [stack: 0x00000085f1a00000,0x00000085f1b00000] [id=4848]
  0x00000206d8e2d800 ConcurrentGCThread "G1 Main Marker" [stack: 0x00000085f0400000,0x00000085f0500000] [id=19260]
  0x00000206d8e31000 ConcurrentGCThread "G1 Conc#0" [stack: 0x00000085f0500000,0x00000085f0600000] [id=20044]
  0x00000206d8e86800 ConcurrentGCThread "G1 Refine#0" [stack: 0x00000085f0600000,0x00000085f0700000] [id=17656]
  0x00000206f75c2800 ConcurrentGCThread "G1 Refine#1" [stack: 0x00000085f1400000,0x00000085f1500000] [id=12696]
  0x00000206d8e87800 ConcurrentGCThread "G1 Young RemSet Sampling" [stack: 0x00000085f0700000,0x00000085f0800000] [id=3780]

Threads with active compile tasks:
C2 CompilerThread0     6785 5596   !   4       com.sun.tools.javac.jvm.ClassReader::classSigToType (498 bytes)

VM state:not at safepoint (normal execution)

VM Mutex/Monitor currently owned by a thread: None

Heap address: 0x00000000c1000000, size: 1008 MB, Compressed Oops mode: 32-bit
Narrow klass base: 0x0000000000000000, Narrow klass shift: 3
Compressed class space size: 1073741824 Address: 0x0000000100000000

Heap:
 garbage-first heap   total 95232K, used 60868K [0x00000000c1000000, 0x0000000100000000)
  region size 1024K, 25 young (25600K), 5 survivors (5120K)
 Metaspace       used 36485K, capacity 37372K, committed 37504K, reserved 1083392K
  class space    used 3830K, capacity 4133K, committed 4224K, reserved 1048576K
Heap Regions: E=young(eden), S=young(survivor), O=old, HS=humongous(starts), HC=humongous(continues), CS=collection set, F=free, A=archive, TAMS=top-at-mark-start (previous, next)
|   0|0x00000000c1000000, 0x00000000c1100000, 0x00000000c1100000|100%| O|  |TAMS 0x00000000c1100000, 0x00000000c1000000| Untracked 
|   1|0x00000000c1100000, 0x00000000c1200000, 0x00000000c1200000|100%| O|  |TAMS 0x00000000c1200000, 0x00000000c1100000| Untracked 
|   2|0x00000000c1200000, 0x00000000c1300000, 0x00000000c1300000|100%| O|  |TAMS 0x00000000c1300000, 0x00000000c1200000| Untracked 
|   3|0x00000000c1300000, 0x00000000c1400000, 0x00000000c1400000|100%| O|  |TAMS 0x00000000c1400000, 0x00000000c1300000| Untracked 
|   4|0x00000000c1400000, 0x00000000c1500000, 0x00000000c1500000|100%| O|  |TAMS 0x00000000c1500000, 0x00000000c1400000| Untracked 
|   5|0x00000000c1500000, 0x00000000c1600000, 0x00000000c1600000|100%| O|  |TAMS 0x00000000c1600000, 0x00000000c1500000| Untracked 
|   6|0x00000000c1600000, 0x00000000c1700000, 0x00000000c1700000|100%| O|  |TAMS 0x00000000c1700000, 0x00000000c1600000| Untracked 
|   7|0x00000000c1700000, 0x00000000c1800000, 0x00000000c1800000|100%| O|  |TAMS 0x00000000c1800000, 0x00000000c1700000| Untracked 
|   8|0x00000000c1800000, 0x00000000c1900000, 0x00000000c1900000|100%| O|  |TAMS 0x00000000c1900000, 0x00000000c1800000| Untracked 
|   9|0x00000000c1900000, 0x00000000c1a00000, 0x00000000c1a00000|100%| O|  |TAMS 0x00000000c1a00000, 0x00000000c1900000| Untracked 
|  10|0x00000000c1a00000, 0x00000000c1b00000, 0x00000000c1b00000|100%| O|  |TAMS 0x00000000c1b00000, 0x00000000c1a00000| Untracked 
|  11|0x00000000c1b00000, 0x00000000c1c00000, 0x00000000c1c00000|100%| O|  |TAMS 0x00000000c1c00000, 0x00000000c1b00000| Untracked 
|  12|0x00000000c1c00000, 0x00000000c1d00000, 0x00000000c1d00000|100%| O|  |TAMS 0x00000000c1d00000, 0x00000000c1c00000| Untracked 
|  13|0x00000000c1d00000, 0x00000000c1e00000, 0x00000000c1e00000|100%| O|  |TAMS 0x00000000c1e00000, 0x00000000c1d00000| Untracked 
|  14|0x00000000c1e00000, 0x00000000c1f00000, 0x00000000c1f00000|100%| O|  |TAMS 0x00000000c1f00000, 0x00000000c1e00000| Untracked 
|  15|0x00000000c1f00000, 0x00000000c2000000, 0x00000000c2000000|100%| O|  |TAMS 0x00000000c2000000, 0x00000000c1f00000| Untracked 
|  16|0x00000000c2000000, 0x00000000c2100000, 0x00000000c2100000|100%| O|  |TAMS 0x00000000c2100000, 0x00000000c2000000| Untracked 
|  17|0x00000000c2100000, 0x00000000c2200000, 0x00000000c2200000|100%| O|  |TAMS 0x00000000c2200000, 0x00000000c2100000| Untracked 
|  18|0x00000000c2200000, 0x00000000c2300000, 0x00000000c2300000|100%| O|  |TAMS 0x00000000c2300000, 0x00000000c2200000| Untracked 
|  19|0x00000000c2300000, 0x00000000c2400000, 0x00000000c2400000|100%|HS|  |TAMS 0x00000000c2300000, 0x00000000c2300000| Complete 
|  20|0x00000000c2400000, 0x00000000c2500000, 0x00000000c2500000|100%| O|  |TAMS 0x00000000c2400000, 0x00000000c2400000| Untracked 
|  21|0x00000000c2500000, 0x00000000c2600000, 0x00000000c2600000|100%| O|  |TAMS 0x00000000c2500000, 0x00000000c2500000| Untracked 
|  22|0x00000000c2600000, 0x00000000c2700000, 0x00000000c2700000|100%| O|  |TAMS 0x00000000c2600000, 0x00000000c2600000| Untracked 
|  23|0x00000000c2700000, 0x00000000c2800000, 0x00000000c2800000|100%| O|  |TAMS 0x00000000c2700000, 0x00000000c2700000| Untracked 
|  24|0x00000000c2800000, 0x00000000c2900000, 0x00000000c2900000|100%| O|  |TAMS 0x00000000c2800000, 0x00000000c2800000| Untracked 
|  25|0x00000000c2900000, 0x00000000c2a00000, 0x00000000c2a00000|100%| O|  |TAMS 0x00000000c2900000, 0x00000000c2900000| Untracked 
|  26|0x00000000c2a00000, 0x00000000c2b00000, 0x00000000c2b00000|100%| O|  |TAMS 0x00000000c2a00000, 0x00000000c2a00000| Untracked 
|  27|0x00000000c2b00000, 0x00000000c2c00000, 0x00000000c2c00000|100%| O|  |TAMS 0x00000000c2b00000, 0x00000000c2b00000| Untracked 
|  28|0x00000000c2c00000, 0x00000000c2d00000, 0x00000000c2d00000|100%| O|  |TAMS 0x00000000c2c00000, 0x00000000c2c00000| Untracked 
|  29|0x00000000c2d00000, 0x00000000c2e00000, 0x00000000c2e00000|100%| O|  |TAMS 0x00000000c2d00000, 0x00000000c2d00000| Untracked 
|  30|0x00000000c2e00000, 0x00000000c2f00000, 0x00000000c2f00000|100%| O|  |TAMS 0x00000000c2e00000, 0x00000000c2e00000| Untracked 
|  31|0x00000000c2f00000, 0x00000000c3000000, 0x00000000c3000000|100%| O|  |TAMS 0x00000000c2f00000, 0x00000000c2f00000| Untracked 
|  32|0x00000000c3000000, 0x00000000c3071000, 0x00000000c3100000| 44%| O|  |TAMS 0x00000000c3000000, 0x00000000c3000000| Untracked 
|  33|0x00000000c3100000, 0x00000000c3200000, 0x00000000c3200000|100%|HS|  |TAMS 0x00000000c3100000, 0x00000000c3100000| Complete 
|  34|0x00000000c3200000, 0x00000000c3200000, 0x00000000c3300000|  0%| F|  |TAMS 0x00000000c3200000, 0x00000000c3200000| Untracked 
|  35|0x00000000c3300000, 0x00000000c3300000, 0x00000000c3400000|  0%| F|  |TAMS 0x00000000c3300000, 0x00000000c3300000| Untracked 
|  36|0x00000000c3400000, 0x00000000c3400000, 0x00000000c3500000|  0%| F|  |TAMS 0x00000000c3400000, 0x00000000c3400000| Untracked 
|  37|0x00000000c3500000, 0x00000000c3500000, 0x00000000c3600000|  0%| F|  |TAMS 0x00000000c3500000, 0x00000000c3500000| Untracked 
|  38|0x00000000c3600000, 0x00000000c3600000, 0x00000000c3700000|  0%| F|  |TAMS 0x00000000c3600000, 0x00000000c3600000| Untracked 
|  39|0x00000000c3700000, 0x00000000c3700000, 0x00000000c3800000|  0%| F|  |TAMS 0x00000000c3700000, 0x00000000c3700000| Untracked 
|  40|0x00000000c3800000, 0x00000000c3800000, 0x00000000c3900000|  0%| F|  |TAMS 0x00000000c3800000, 0x00000000c3800000| Untracked 
|  41|0x00000000c3900000, 0x00000000c3900000, 0x00000000c3a00000|  0%| F|  |TAMS 0x00000000c3900000, 0x00000000c3900000| Untracked 
|  42|0x00000000c3a00000, 0x00000000c3a00000, 0x00000000c3b00000|  0%| F|  |TAMS 0x00000000c3a00000, 0x00000000c3a00000| Untracked 
|  43|0x00000000c3b00000, 0x00000000c3c00000, 0x00000000c3c00000|100%| O|  |TAMS 0x00000000c3c00000, 0x00000000c3b00000| Untracked 
|  44|0x00000000c3c00000, 0x00000000c3d00000, 0x00000000c3d00000|100%| O|  |TAMS 0x00000000c3c45c00, 0x00000000c3c00000| Untracked 
|  45|0x00000000c3d00000, 0x00000000c3d00000, 0x00000000c3e00000|  0%| F|  |TAMS 0x00000000c3d00000, 0x00000000c3d00000| Untracked 
|  46|0x00000000c3e00000, 0x00000000c3e00000, 0x00000000c3f00000|  0%| F|  |TAMS 0x00000000c3e00000, 0x00000000c3e00000| Untracked 
|  47|0x00000000c3f00000, 0x00000000c3f00000, 0x00000000c4000000|  0%| F|  |TAMS 0x00000000c3f00000, 0x00000000c3f00000| Untracked 
|  48|0x00000000c4000000, 0x00000000c4000000, 0x00000000c4100000|  0%| F|  |TAMS 0x00000000c4000000, 0x00000000c4000000| Untracked 
|  49|0x00000000c4100000, 0x00000000c4100000, 0x00000000c4200000|  0%| F|  |TAMS 0x00000000c4100000, 0x00000000c4100000| Untracked 
|  50|0x00000000c4200000, 0x00000000c4200000, 0x00000000c4300000|  0%| F|  |TAMS 0x00000000c4200000, 0x00000000c4200000| Untracked 
|  51|0x00000000c4300000, 0x00000000c4300000, 0x00000000c4400000|  0%| F|  |TAMS 0x00000000c4300000, 0x00000000c4300000| Untracked 
|  52|0x00000000c4400000, 0x00000000c4400000, 0x00000000c4500000|  0%| F|  |TAMS 0x00000000c4400000, 0x00000000c4400000| Untracked 
|  53|0x00000000c4500000, 0x00000000c4500000, 0x00000000c4600000|  0%| F|  |TAMS 0x00000000c4500000, 0x00000000c4500000| Untracked 
|  54|0x00000000c4600000, 0x00000000c4600000, 0x00000000c4700000|  0%| F|  |TAMS 0x00000000c4600000, 0x00000000c4600000| Untracked 
|  55|0x00000000c4700000, 0x00000000c4700000, 0x00000000c4800000|  0%| F|  |TAMS 0x00000000c4700000, 0x00000000c4700000| Untracked 
|  56|0x00000000c4800000, 0x00000000c4800000, 0x00000000c4900000|  0%| F|  |TAMS 0x00000000c4800000, 0x00000000c4800000| Untracked 
|  57|0x00000000c4900000, 0x00000000c4a00000, 0x00000000c4a00000|100%| S|CS|TAMS 0x00000000c4900000, 0x00000000c4900000| Complete 
|  58|0x00000000c4a00000, 0x00000000c4b00000, 0x00000000c4b00000|100%| S|CS|TAMS 0x00000000c4a00000, 0x00000000c4a00000| Complete 
|  59|0x00000000c4b00000, 0x00000000c4c00000, 0x00000000c4c00000|100%| S|CS|TAMS 0x00000000c4b00000, 0x00000000c4b00000| Complete 
|  60|0x00000000c4c00000, 0x00000000c4d00000, 0x00000000c4d00000|100%| S|CS|TAMS 0x00000000c4c00000, 0x00000000c4c00000| Complete 
|  61|0x00000000c4d00000, 0x00000000c4e00000, 0x00000000c4e00000|100%| S|CS|TAMS 0x00000000c4d00000, 0x00000000c4d00000| Complete 
|  62|0x00000000c4e00000, 0x00000000c4e00000, 0x00000000c4f00000|  0%| F|  |TAMS 0x00000000c4e00000, 0x00000000c4e00000| Untracked 
|  63|0x00000000c4f00000, 0x00000000c4f00000, 0x00000000c5000000|  0%| F|  |TAMS 0x00000000c4f00000, 0x00000000c4f00000| Untracked 
|  64|0x00000000c5000000, 0x00000000c5000000, 0x00000000c5100000|  0%| F|  |TAMS 0x00000000c5000000, 0x00000000c5000000| Untracked 
|  65|0x00000000c5100000, 0x00000000c5100000, 0x00000000c5200000|  0%| F|  |TAMS 0x00000000c5100000, 0x00000000c5100000| Untracked 
|  66|0x00000000c5200000, 0x00000000c5200000, 0x00000000c5300000|  0%| F|  |TAMS 0x00000000c5200000, 0x00000000c5200000| Untracked 
|  67|0x00000000c5300000, 0x00000000c5300000, 0x00000000c5400000|  0%| F|  |TAMS 0x00000000c5300000, 0x00000000c5300000| Untracked 
|  68|0x00000000c5400000, 0x00000000c5400000, 0x00000000c5500000|  0%| F|  |TAMS 0x00000000c5400000, 0x00000000c5400000| Untracked 
|  69|0x00000000c5500000, 0x00000000c5500000, 0x00000000c5600000|  0%| F|  |TAMS 0x00000000c5500000, 0x00000000c5500000| Untracked 
|  70|0x00000000c5600000, 0x00000000c5600000, 0x00000000c5700000|  0%| F|  |TAMS 0x00000000c5600000, 0x00000000c5600000| Untracked 
|  71|0x00000000c5700000, 0x00000000c5700000, 0x00000000c5800000|  0%| F|  |TAMS 0x00000000c5700000, 0x00000000c5700000| Untracked 
|  72|0x00000000c5800000, 0x00000000c5800000, 0x00000000c5900000|  0%| F|  |TAMS 0x00000000c5800000, 0x00000000c5800000| Untracked 
|  73|0x00000000c5900000, 0x00000000c5a00000, 0x00000000c5a00000|100%| E|  |TAMS 0x00000000c5900000, 0x00000000c5900000| Complete 
|  74|0x00000000c5a00000, 0x00000000c5b00000, 0x00000000c5b00000|100%| E|CS|TAMS 0x00000000c5a00000, 0x00000000c5a00000| Complete 
|  75|0x00000000c5b00000, 0x00000000c5c00000, 0x00000000c5c00000|100%| E|CS|TAMS 0x00000000c5b00000, 0x00000000c5b00000| Complete 
|  76|0x00000000c5c00000, 0x00000000c5d00000, 0x00000000c5d00000|100%| E|CS|TAMS 0x00000000c5c00000, 0x00000000c5c00000| Complete 
|  77|0x00000000c5d00000, 0x00000000c5e00000, 0x00000000c5e00000|100%| E|CS|TAMS 0x00000000c5d00000, 0x00000000c5d00000| Complete 
|  78|0x00000000c5e00000, 0x00000000c5f00000, 0x00000000c5f00000|100%| E|CS|TAMS 0x00000000c5e00000, 0x00000000c5e00000| Complete 
|  79|0x00000000c5f00000, 0x00000000c6000000, 0x00000000c6000000|100%| E|CS|TAMS 0x00000000c5f00000, 0x00000000c5f00000| Complete 
|  80|0x00000000c6000000, 0x00000000c6100000, 0x00000000c6100000|100%| E|CS|TAMS 0x00000000c6000000, 0x00000000c6000000| Complete 
|  81|0x00000000c6100000, 0x00000000c6200000, 0x00000000c6200000|100%| E|CS|TAMS 0x00000000c6100000, 0x00000000c6100000| Complete 
|  82|0x00000000c6200000, 0x00000000c6300000, 0x00000000c6300000|100%| E|CS|TAMS 0x00000000c6200000, 0x00000000c6200000| Complete 
|  83|0x00000000c6300000, 0x00000000c6400000, 0x00000000c6400000|100%| E|CS|TAMS 0x00000000c6300000, 0x00000000c6300000| Complete 
|  84|0x00000000c6400000, 0x00000000c6500000, 0x00000000c6500000|100%| E|CS|TAMS 0x00000000c6400000, 0x00000000c6400000| Complete 
|  85|0x00000000c6500000, 0x00000000c6600000, 0x00000000c6600000|100%| E|CS|TAMS 0x00000000c6500000, 0x00000000c6500000| Complete 
|  86|0x00000000c6600000, 0x00000000c6700000, 0x00000000c6700000|100%| E|CS|TAMS 0x00000000c6600000, 0x00000000c6600000| Complete 
|  87|0x00000000c6700000, 0x00000000c6800000, 0x00000000c6800000|100%| E|CS|TAMS 0x00000000c6700000, 0x00000000c6700000| Complete 
|  88|0x00000000c6800000, 0x00000000c6900000, 0x00000000c6900000|100%| E|CS|TAMS 0x00000000c6800000, 0x00000000c6800000| Complete 
|  89|0x00000000c6900000, 0x00000000c6a00000, 0x00000000c6a00000|100%| E|CS|TAMS 0x00000000c6900000, 0x00000000c6900000| Complete 
|  90|0x00000000c6a00000, 0x00000000c6b00000, 0x00000000c6b00000|100%| E|CS|TAMS 0x00000000c6a00000, 0x00000000c6a00000| Complete 
|  91|0x00000000c6b00000, 0x00000000c6c00000, 0x00000000c6c00000|100%| E|CS|TAMS 0x00000000c6b00000, 0x00000000c6b00000| Complete 
|  92|0x00000000c6c00000, 0x00000000c6d00000, 0x00000000c6d00000|100%| E|CS|TAMS 0x00000000c6c00000, 0x00000000c6c00000| Complete 

Card table byte_map: [0x00000206f0da0000,0x00000206f0fa0000] _byte_map_base: 0x00000206f0798000

Marking Bits (Prev, Next): (CMBitMap*) 0x00000206d8e28cf0, (CMBitMap*) 0x00000206d8e28cb8
 Prev Bits: [0x00000206f2160000, 0x00000206f3120000)
 Next Bits: [0x00000206f11a0000, 0x00000206f2160000)

Polling page: 0x00000206d7560000

Metaspace:

Usage:
  Non-class:     32.46 MB capacity,    31.89 MB ( 98%) used,   521.56 KB (  2%) free+waste,    62.38 KB ( <1%) overhead. 
      Class:      4.04 MB capacity,     3.74 MB ( 93%) used,   276.27 KB (  7%) free+waste,    26.13 KB ( <1%) overhead. 
       Both:     36.50 MB capacity,    35.63 MB ( 98%) used,   797.84 KB (  2%) free+waste,    88.50 KB ( <1%) overhead. 

Virtual space:
  Non-class space:       34.00 MB reserved,      32.50 MB ( 96%) committed 
      Class space:        1.00 GB reserved,       4.13 MB ( <1%) committed 
             Both:        1.03 GB reserved,      36.63 MB (  3%) committed 

Chunk freelists:
   Non-Class:  41.00 KB
       Class:  27.00 KB
        Both:  68.00 KB

MaxMetaspaceSize: 17179869184.00 GB
CompressedClassSpaceSize: 1.00 GB
Initial GC threshold: 20.80 MB
Current GC threshold: 58.75 MB
CDS: off

CodeHeap 'non-profiled nmethods': size=120064Kb used=2357Kb max_used=2357Kb free=117706Kb
 bounds [0x00000206e9040000, 0x00000206e92b0000, 0x00000206f0580000]
CodeHeap 'profiled nmethods': size=120000Kb used=13107Kb max_used=13107Kb free=106892Kb
 bounds [0x00000206e1b10000, 0x00000206e27e0000, 0x00000206e9040000]
CodeHeap 'non-nmethods': size=5696Kb used=1225Kb max_used=1274Kb free=4470Kb
 bounds [0x00000206e1580000, 0x00000206e17f0000, 0x00000206e1b10000]
 total_blobs=6233 nmethods=5732 adapters=413
 compilation: enabled
              stopped_count=0, restarted_count=0
 full_count=0

Compilation events (20 events):
Event: 6.684 Thread 0x00000206f5f2e800 5784       2       java.util.zip.ZipEntry::setExtra0 (493 bytes)
Event: 6.686 Thread 0x00000206f5f2e800 nmethod 5784 0x00000206e27d1f90 code [0x00000206e27d2260, 0x00000206e27d4048]
Event: 6.686 Thread 0x00000206f5f2e800 5785       2       java.util.zip.ZipInputStream::closeEntry (31 bytes)
Event: 6.686 Thread 0x00000206f5f2e800 nmethod 5785 0x00000206e27d4e90 code [0x00000206e27d5060, 0x00000206e27d52b8]
Event: 6.686 Thread 0x00000206f5f2e800 5787       2       java.util.zip.CRC32::reset (6 bytes)
Event: 6.687 Thread 0x00000206f5f2e800 nmethod 5787 0x00000206e27d5410 code [0x00000206e27d55c0, 0x00000206e27d56b8]
Event: 6.687 Thread 0x00000206f5f2e800 5788       2       java.util.zip.ZipInputStream::getNextEntry (74 bytes)
Event: 6.687 Thread 0x00000206f5f2e800 nmethod 5788 0x00000206e27d5790 code [0x00000206e27d59a0, 0x00000206e27d5dc8]
Event: 6.688 Thread 0x00000206f5f2e800 5789       2       java.util.zip.ZipCoder::toStringUTF8 (10 bytes)
Event: 6.688 Thread 0x00000206f5f2e800 nmethod 5789 0x00000206e27d6010 code [0x00000206e27d61c0, 0x00000206e27d62e8]
Event: 6.688 Thread 0x00000206f5f2e800 5790       2       java.util.zip.ZipInputStream::createZipEntry (9 bytes)
Event: 6.688 Thread 0x00000206f5f2e800 nmethod 5790 0x00000206e27d6390 code [0x00000206e27d6540, 0x00000206e27d66c8]
Event: 6.688 Thread 0x00000206f5f2e800 5791   !   2       java.util.zip.Inflater::getRemaining (40 bytes)
Event: 6.689 Thread 0x00000206f5f2e800 nmethod 5791 0x00000206e27d6790 code [0x00000206e27d6940, 0x00000206e27d6bf8]
Event: 6.689 Thread 0x00000206f5f2e800 5792       2       java.io.PushbackInputStream::unread (47 bytes)
Event: 6.689 Thread 0x00000206f5f2e800 nmethod 5792 0x00000206e27d6d10 code [0x00000206e27d6f00, 0x00000206e27d7248]
Event: 6.689 Thread 0x00000206f5f2e800 5793       2       java.util.zip.ZipInputStream::readEnd (510 bytes)
Event: 6.691 Thread 0x00000206f5f2e800 nmethod 5793 0x00000206e27d7390 code [0x00000206e27d7860, 0x00000206e27da088]
Event: 6.698 Thread 0x00000206f5f2e800 5794   !   2       java.util.zip.ZipInputStream::readLOC (312 bytes)
Event: 6.699 Thread 0x00000206f5f2e800 nmethod 5794 0x00000206e27db610 code [0x00000206e27db8a0, 0x00000206e27dc608]

GC Heap History (20 events):
Event: 2.131 GC heap before
{Heap before GC invocations=3 (full 0):
 garbage-first heap   total 65536K, used 33625K [0x00000000c1000000, 0x0000000100000000)
  region size 1024K, 30 young (30720K), 2 survivors (2048K)
 Metaspace       used 20168K, capacity 20588K, committed 20736K, reserved 1067008K
  class space    used 2123K, capacity 2246K, committed 2304K, reserved 1048576K
}
Event: 2.141 GC heap after
{Heap after GC invocations=4 (full 0):
 garbage-first heap   total 65536K, used 8922K [0x00000000c1000000, 0x0000000100000000)
  region size 1024K, 4 young (4096K), 4 survivors (4096K)
 Metaspace       used 20168K, capacity 20588K, committed 20736K, reserved 1067008K
  class space    used 2123K, capacity 2246K, committed 2304K, reserved 1048576K
}
Event: 2.302 GC heap before
{Heap before GC invocations=4 (full 0):
 garbage-first heap   total 65536K, used 15066K [0x00000000c1000000, 0x0000000100000000)
  region size 1024K, 11 young (11264K), 4 survivors (4096K)
 Metaspace       used 20807K, capacity 21214K, committed 21248K, reserved 1069056K
  class space    used 2179K, capacity 2280K, committed 2304K, reserved 1048576K
}
Event: 2.314 GC heap after
{Heap after GC invocations=5 (full 0):
 garbage-first heap   total 78848K, used 10120K [0x00000000c1000000, 0x0000000100000000)
  region size 1024K, 4 young (4096K), 4 survivors (4096K)
 Metaspace       used 20807K, capacity 21214K, committed 21248K, reserved 1069056K
  class space    used 2179K, capacity 2280K, committed 2304K, reserved 1048576K
}
Event: 2.713 GC heap before
{Heap before GC invocations=6 (full 0):
 garbage-first heap   total 78848K, used 37768K [0x00000000c1000000, 0x0000000100000000)
  region size 1024K, 31 young (31744K), 4 survivors (4096K)
 Metaspace       used 21413K, capacity 21807K, committed 21888K, reserved 1069056K
  class space    used 2236K, capacity 2352K, committed 2432K, reserved 1048576K
}
Event: 2.722 GC heap after
{Heap after GC invocations=7 (full 0):
 garbage-first heap   total 78848K, used 11524K [0x00000000c1000000, 0x0000000100000000)
  region size 1024K, 3 young (3072K), 3 survivors (3072K)
 Metaspace       used 21413K, capacity 21807K, committed 21888K, reserved 1069056K
  class space    used 2236K, capacity 2352K, committed 2432K, reserved 1048576K
}
Event: 3.643 GC heap before
{Heap before GC invocations=7 (full 0):
 garbage-first heap   total 78848K, used 41220K [0x00000000c1000000, 0x0000000100000000)
  region size 1024K, 32 young (32768K), 3 survivors (3072K)
 Metaspace       used 30215K, capacity 30820K, committed 30848K, reserved 1077248K
  class space    used 3232K, capacity 3452K, committed 3456K, reserved 1048576K
}
Event: 3.653 GC heap after
{Heap after GC invocations=8 (full 0):
 garbage-first heap   total 78848K, used 16813K [0x00000000c1000000, 0x0000000100000000)
  region size 1024K, 4 young (4096K), 4 survivors (4096K)
 Metaspace       used 30215K, capacity 30820K, committed 30848K, reserved 1077248K
  class space    used 3232K, capacity 3452K, committed 3456K, reserved 1048576K
}
Event: 4.024 GC heap before
{Heap before GC invocations=8 (full 0):
 garbage-first heap   total 78848K, used 46509K [0x00000000c1000000, 0x0000000100000000)
  region size 1024K, 33 young (33792K), 4 survivors (4096K)
 Metaspace       used 31701K, capacity 32242K, committed 32512K, reserved 1079296K
  class space    used 3364K, capacity 3562K, committed 3584K, reserved 1048576K
}
Event: 4.032 GC heap after
{Heap after GC invocations=9 (full 0):
 garbage-first heap   total 78848K, used 19030K [0x00000000c1000000, 0x0000000100000000)
  region size 1024K, 3 young (3072K), 3 survivors (3072K)
 Metaspace       used 31701K, capacity 32242K, committed 32512K, reserved 1079296K
  class space    used 3364K, capacity 3562K, committed 3584K, reserved 1048576K
}
Event: 4.409 GC heap before
{Heap before GC invocations=9 (full 0):
 garbage-first heap   total 78848K, used 48726K [0x00000000c1000000, 0x0000000100000000)
  region size 1024K, 32 young (32768K), 3 survivors (3072K)
 Metaspace       used 32824K, capacity 33493K, committed 33664K, reserved 1079296K
  class space    used 3440K, capacity 3699K, committed 3712K, reserved 1048576K
}
Event: 4.416 GC heap after
{Heap after GC invocations=10 (full 0):
 garbage-first heap   total 95232K, used 21095K [0x00000000c1000000, 0x0000000100000000)
  region size 1024K, 2 young (2048K), 2 survivors (2048K)
 Metaspace       used 32824K, capacity 33493K, committed 33664K, reserved 1079296K
  class space    used 3440K, capacity 3699K, committed 3712K, reserved 1048576K
}
Event: 4.760 GC heap before
{Heap before GC invocations=10 (full 0):
 garbage-first heap   total 95232K, used 65127K [0x00000000c1000000, 0x0000000100000000)
  region size 1024K, 25 young (25600K), 2 survivors (2048K)
 Metaspace       used 34636K, capacity 35412K, committed 35584K, reserved 1081344K
  class space    used 3679K, capacity 3975K, committed 4096K, reserved 1048576K
}
Event: 4.765 GC heap after
{Heap after GC invocations=11 (full 0):
 garbage-first heap   total 95232K, used 44025K [0x00000000c1000000, 0x0000000100000000)
  region size 1024K, 4 young (4096K), 4 survivors (4096K)
 Metaspace       used 34636K, capacity 35412K, committed 35584K, reserved 1081344K
  class space    used 3679K, capacity 3975K, committed 4096K, reserved 1048576K
}
Event: 5.061 GC heap before
{Heap before GC invocations=12 (full 0):
 garbage-first heap   total 95232K, used 71673K [0x00000000c1000000, 0x0000000100000000)
  region size 1024K, 29 young (29696K), 4 survivors (4096K)
 Metaspace       used 34976K, capacity 35746K, committed 36096K, reserved 1081344K
  class space    used 3702K, capacity 3979K, committed 4096K, reserved 1048576K
}
Event: 5.072 GC heap after
{Heap after GC invocations=13 (full 0):
 garbage-first heap   total 95232K, used 24414K [0x00000000c1000000, 0x0000000100000000)
  region size 1024K, 4 young (4096K), 4 survivors (4096K)
 Metaspace       used 34976K, capacity 35746K, committed 36096K, reserved 1081344K
  class space    used 3702K, capacity 3979K, committed 4096K, reserved 1048576K
}
Event: 5.984 GC heap before
{Heap before GC invocations=14 (full 0):
 garbage-first heap   total 95232K, used 61278K [0x00000000c1000000, 0x0000000100000000)
  region size 1024K, 39 young (39936K), 4 survivors (4096K)
 Metaspace       used 35277K, capacity 36105K, committed 36352K, reserved 1081344K
  class space    used 3713K, capacity 3989K, committed 4096K, reserved 1048576K
}
Event: 5.994 GC heap after
{Heap after GC invocations=15 (full 0):
 garbage-first heap   total 95232K, used 32640K [0x00000000c1000000, 0x0000000100000000)
  region size 1024K, 5 young (5120K), 5 survivors (5120K)
 Metaspace       used 35277K, capacity 36105K, committed 36352K, reserved 1081344K
  class space    used 3713K, capacity 3989K, committed 4096K, reserved 1048576K
}
Event: 6.412 GC heap before
{Heap before GC invocations=15 (full 0):
 garbage-first heap   total 95232K, used 65408K [0x00000000c1000000, 0x0000000100000000)
  region size 1024K, 36 young (36864K), 5 survivors (5120K)
 Metaspace       used 35591K, capacity 36373K, committed 36608K, reserved 1081344K
  class space    used 3719K, capacity 3991K, committed 4096K, reserved 1048576K
}
Event: 6.425 GC heap after
{Heap after GC invocations=16 (full 0):
 garbage-first heap   total 95232K, used 40388K [0x00000000c1000000, 0x0000000100000000)
  region size 1024K, 5 young (5120K), 5 survivors (5120K)
 Metaspace       used 35591K, capacity 36373K, committed 36608K, reserved 1081344K
  class space    used 3719K, capacity 3991K, committed 4096K, reserved 1048576K
}

Deoptimization events (20 events):
Event: 6.395 Thread 0x00000206d8dfb800 DEOPT PACKING pc=0x00000206e236c18f sp=0x00000085f02fce70
Event: 6.395 Thread 0x00000206d8dfb800 DEOPT UNPACKING pc=0x00000206e15ca95e sp=0x00000085f02fc378 mode 0
Event: 6.451 Thread 0x00000206d8dfb800 Uncommon trap: trap_request=0xffffff4d fr.pc=0x00000206e9072c58 relative=0x00000000000014b8
Event: 6.451 Thread 0x00000206d8dfb800 Uncommon trap: reason=unstable_if action=reinterpret pc=0x00000206e9072c58 method=java.util.HashMap.putVal(ILjava/lang/Object;Ljava/lang/Object;ZZ)Ljava/lang/Object; @ 181 c2
Event: 6.451 Thread 0x00000206d8dfb800 DEOPT PACKING pc=0x00000206e9072c58 sp=0x00000085f02f95b0
Event: 6.451 Thread 0x00000206d8dfb800 DEOPT UNPACKING pc=0x00000206e15ca1af sp=0x00000085f02f9488 mode 2
Event: 6.455 Thread 0x00000206d8dfb800 DEOPT PACKING pc=0x00000206e21b5406 sp=0x00000085f02f57e0
Event: 6.456 Thread 0x00000206d8dfb800 DEOPT UNPACKING pc=0x00000206e15ca95e sp=0x00000085f02f4db8 mode 0
Event: 6.494 Thread 0x00000206d8dfb800 Uncommon trap: trap_request=0xffffff4d fr.pc=0x00000206e91294d0 relative=0x00000000000003f0
Event: 6.494 Thread 0x00000206d8dfb800 Uncommon trap: reason=unstable_if action=reinterpret pc=0x00000206e91294d0 method=java.util.HashMap.hash(Ljava/lang/Object;)I @ 1 c2
Event: 6.494 Thread 0x00000206d8dfb800 DEOPT PACKING pc=0x00000206e91294d0 sp=0x00000085f02fc000
Event: 6.494 Thread 0x00000206d8dfb800 DEOPT UNPACKING pc=0x00000206e15ca1af sp=0x00000085f02fbed8 mode 2
Event: 6.504 Thread 0x00000206d8dfb800 Uncommon trap: trap_request=0xffffff4d fr.pc=0x00000206e911c45c relative=0x000000000000021c
Event: 6.504 Thread 0x00000206d8dfb800 Uncommon trap: reason=unstable_if action=reinterpret pc=0x00000206e911c45c method=java.util.HashMap.hash(Ljava/lang/Object;)I @ 1 c2
Event: 6.504 Thread 0x00000206d8dfb800 DEOPT PACKING pc=0x00000206e911c45c sp=0x00000085f02fc770
Event: 6.504 Thread 0x00000206d8dfb800 DEOPT UNPACKING pc=0x00000206e15ca1af sp=0x00000085f02fc6b0 mode 2
Event: 6.528 Thread 0x00000206d8dfb800 DEOPT PACKING pc=0x00000206e2471f50 sp=0x00000085f02fa320
Event: 6.528 Thread 0x00000206d8dfb800 DEOPT UNPACKING pc=0x00000206e15ca95e sp=0x00000085f02f9818 mode 0
Event: 6.578 Thread 0x00000206d8dfb800 DEOPT PACKING pc=0x00000206e2472cc4 sp=0x00000085f02f8e30
Event: 6.578 Thread 0x00000206d8dfb800 DEOPT UNPACKING pc=0x00000206e15ca95e sp=0x00000085f02f83a8 mode 0

Classes redefined (0 events):
No events

Internal exceptions (20 events):
Event: 6.388 Thread 0x00000206d8dfb800 Exception <a 'sun/nio/fs/WindowsException'{0x00000000c4fbdf98}> (0x00000000c4fbdf98) thrown at [./src/hotspot/share/prims/jni.cpp, line 617]
Event: 6.388 Thread 0x00000206d8dfb800 Exception <a 'sun/nio/fs/WindowsException'{0x00000000c4fbe410}> (0x00000000c4fbe410) thrown at [./src/hotspot/share/prims/jni.cpp, line 617]
Event: 6.389 Thread 0x00000206d8dfb800 Exception <a 'sun/nio/fs/WindowsException'{0x00000000c4fc4698}> (0x00000000c4fc4698) thrown at [./src/hotspot/share/prims/jni.cpp, line 617]
Event: 6.389 Thread 0x00000206d8dfb800 Exception <a 'sun/nio/fs/WindowsException'{0x00000000c4fc4a88}> (0x00000000c4fc4a88) thrown at [./src/hotspot/share/prims/jni.cpp, line 617]
Event: 6.390 Thread 0x00000206d8dfb800 Exception <a 'sun/nio/fs/WindowsException'{0x00000000c4fe2c38}> (0x00000000c4fe2c38) thrown at [./src/hotspot/share/prims/jni.cpp, line 617]
Event: 6.390 Thread 0x00000206d8dfb800 Exception <a 'sun/nio/fs/WindowsException'{0x00000000c4fe2f90}> (0x00000000c4fe2f90) thrown at [./src/hotspot/share/prims/jni.cpp, line 617]
Event: 6.390 Thread 0x00000206d8dfb800 Exception <a 'sun/nio/fs/WindowsException'{0x00000000c4e33a08}> (0x00000000c4e33a08) thrown at [./src/hotspot/share/prims/jni.cpp, line 617]
Event: 6.391 Thread 0x00000206d8dfb800 Exception <a 'sun/nio/fs/WindowsException'{0x00000000c4e33df8}> (0x00000000c4e33df8) thrown at [./src/hotspot/share/prims/jni.cpp, line 617]
Event: 6.391 Thread 0x00000206d8dfb800 Exception <a 'sun/nio/fs/WindowsException'{0x00000000c4e353e0}> (0x00000000c4e353e0) thrown at [./src/hotspot/share/prims/jni.cpp, line 617]
Event: 6.391 Thread 0x00000206d8dfb800 Exception <a 'sun/nio/fs/WindowsException'{0x00000000c4e35858}> (0x00000000c4e35858) thrown at [./src/hotspot/share/prims/jni.cpp, line 617]
Event: 6.395 Thread 0x00000206d8dfb800 Exception <a 'sun/nio/fs/WindowsException'{0x00000000c4e726f0}> (0x00000000c4e726f0) thrown at [./src/hotspot/share/prims/jni.cpp, line 617]
Event: 6.395 Thread 0x00000206d8dfb800 Exception <a 'sun/nio/fs/WindowsException'{0x00000000c4e72ad0}> (0x00000000c4e72ad0) thrown at [./src/hotspot/share/prims/jni.cpp, line 617]
Event: 6.395 Thread 0x00000206d8dfb800 Exception <a 'sun/nio/fs/WindowsException'{0x00000000c4e82628}> (0x00000000c4e82628) thrown at [./src/hotspot/share/prims/jni.cpp, line 617]
Event: 6.395 Thread 0x00000206d8dfb800 Exception <a 'sun/nio/fs/WindowsException'{0x00000000c4e82970}> (0x00000000c4e82970) thrown at [./src/hotspot/share/prims/jni.cpp, line 617]
Event: 6.396 Thread 0x00000206d8dfb800 Exception <a 'sun/nio/fs/WindowsException'{0x00000000c4ead100}> (0x00000000c4ead100) thrown at [./src/hotspot/share/prims/jni.cpp, line 617]
Event: 6.396 Thread 0x00000206d8dfb800 Exception <a 'sun/nio/fs/WindowsException'{0x00000000c4ead4e0}> (0x00000000c4ead4e0) thrown at [./src/hotspot/share/prims/jni.cpp, line 617]
Event: 6.396 Thread 0x00000206d8dfb800 Exception <a 'sun/nio/fs/WindowsException'{0x00000000c4eae568}> (0x00000000c4eae568) thrown at [./src/hotspot/share/prims/jni.cpp, line 617]
Event: 6.396 Thread 0x00000206d8dfb800 Exception <a 'sun/nio/fs/WindowsException'{0x00000000c4eae9d0}> (0x00000000c4eae9d0) thrown at [./src/hotspot/share/prims/jni.cpp, line 617]
Event: 6.494 Thread 0x00000206d8dfb800 Implicit null exception at 0x00000206e9129131 to 0x00000206e91294bc
Event: 6.504 Thread 0x00000206d8dfb800 Implicit null exception at 0x00000206e911c275 to 0x00000206e911c44c

Events (20 events):
Event: 6.445 loading class java/util/zip/ZipFile$ZipEntryIterator
Event: 6.446 loading class java/util/zip/ZipFile$ZipEntryIterator done
Event: 6.470 loading class lombok/launch/AnnotationProcessorHider$AstModificationNotifierData
Event: 6.470 loading class lombok/launch/AnnotationProcessorHider$AstModificationNotifierData done
Event: 6.499 loading class java/lang/LayerInstantiationException
Event: 6.499 loading class java/lang/LayerInstantiationException done
Event: 6.499 loading class jdk/internal/loader/Loader
Event: 6.499 loading class jdk/internal/loader/Loader done
Event: 6.500 loading class java/lang/Class$EnclosingMethodInfo
Event: 6.501 loading class java/lang/Class$EnclosingMethodInfo done
Event: 6.501 loading class java/lang/reflect/AnnotatedType
Event: 6.501 loading class java/lang/reflect/AnnotatedType done
Event: 6.520 loading class com/sun/tools/javac/resources/spi/versionProvider
Event: 6.520 loading class com/sun/tools/javac/resources/spi/versionProvider done
Event: 6.585 loading class java/text/BreakIterator
Event: 6.585 loading class java/text/BreakIterator done
Event: 6.645 loading class java/util/regex/Pattern$NotBehind
Event: 6.646 loading class java/util/regex/Pattern$NotBehind done
Event: 6.674 loading class java/io/PushbackInputStream
Event: 6.675 loading class java/io/PushbackInputStream done


Dynamic libraries:
0x00007ff68d670000 - 0x00007ff68d67d000 	C:\Program Files\Amazon Corretto\jdk11.0.17_8\bin\java.exe
0x00007ffd4cb10000 - 0x00007ffd4cd08000 	C:\Windows\SYSTEM32\ntdll.dll
0x00007ffd4b5c0000 - 0x00007ffd4b67f000 	C:\Windows\System32\KERNEL32.DLL
0x00007ffd4a5c0000 - 0x00007ffd4a892000 	C:\Windows\System32\KERNELBASE.dll
0x00007ffd4a9b0000 - 0x00007ffd4aab0000 	C:\Windows\System32\ucrtbase.dll
0x00007ffd3e7f0000 - 0x00007ffd3e807000 	C:\Program Files\Amazon Corretto\jdk11.0.17_8\bin\jli.dll
0x00007ffd4b920000 - 0x00007ffd4bac1000 	C:\Windows\System32\USER32.dll
0x00007ffd4a590000 - 0x00007ffd4a5b2000 	C:\Windows\System32\win32u.dll
0x00007ffd4c9d0000 - 0x00007ffd4c9fb000 	C:\Windows\System32\GDI32.dll
0x00007ffd4a8a0000 - 0x00007ffd4a9af000 	C:\Windows\System32\gdi32full.dll
0x00007ffd4a290000 - 0x00007ffd4a32d000 	C:\Windows\System32\msvcp_win.dll
0x00007ffd2e610000 - 0x00007ffd2e8aa000 	C:\Windows\WinSxS\amd64_microsoft.windows.common-controls_6595b64144ccf1df_6.0.19041.1110_none_60b5254171f9507e\COMCTL32.dll
0x00007ffd4b730000 - 0x00007ffd4b7ce000 	C:\Windows\System32\msvcrt.dll
0x00007ffd408e0000 - 0x00007ffd408f9000 	C:\Program Files\Amazon Corretto\jdk11.0.17_8\bin\VCRUNTIME140.dll
0x00007ffd4c990000 - 0x00007ffd4c9c2000 	C:\Windows\System32\IMM32.DLL
0x00007ffd2bf20000 - 0x00007ffd2bfbb000 	C:\Program Files\Amazon Corretto\jdk11.0.17_8\bin\msvcp140.dll
0x00007ffd15310000 - 0x00007ffd15e95000 	C:\Program Files\Amazon Corretto\jdk11.0.17_8\bin\server\jvm.dll
0x00007ffd4b870000 - 0x00007ffd4b91e000 	C:\Windows\System32\ADVAPI32.dll
0x00007ffd4b7d0000 - 0x00007ffd4b86c000 	C:\Windows\System32\sechost.dll
0x00007ffd4b3c0000 - 0x00007ffd4b4e5000 	C:\Windows\System32\RPCRT4.dll
0x00007ffd4cac0000 - 0x00007ffd4cac8000 	C:\Windows\System32\PSAPI.DLL
0x00007ffd3d920000 - 0x00007ffd3d929000 	C:\Windows\SYSTEM32\WSOCK32.dll
0x00007ffd4bb50000 - 0x00007ffd4bbbb000 	C:\Windows\System32\WS2_32.dll
0x00007ffd3aa00000 - 0x00007ffd3aa27000 	C:\Windows\SYSTEM32\WINMM.dll
0x00007ffd43510000 - 0x00007ffd4351a000 	C:\Windows\SYSTEM32\VERSION.dll
0x00007ffd48a30000 - 0x00007ffd48a42000 	C:\Windows\SYSTEM32\kernel.appcore.dll
0x00007ffd45b80000 - 0x00007ffd45b90000 	C:\Program Files\Amazon Corretto\jdk11.0.17_8\bin\verify.dll
0x00007ffd47f00000 - 0x00007ffd480e4000 	C:\Windows\SYSTEM32\DBGHELP.DLL
0x00007ffd3d590000 - 0x00007ffd3d5c5000 	C:\Windows\SYSTEM32\dbgcore.DLL
0x00007ffd4a200000 - 0x00007ffd4a282000 	C:\Windows\System32\bcryptPrimitives.dll
0x00007ffd3e490000 - 0x00007ffd3e4b8000 	C:\Program Files\Amazon Corretto\jdk11.0.17_8\bin\java.dll
0x00007ffd44ed0000 - 0x00007ffd44eda000 	C:\Program Files\Amazon Corretto\jdk11.0.17_8\bin\jimage.dll
0x00007ffd3e5c0000 - 0x00007ffd3e5d8000 	C:\Program Files\Amazon Corretto\jdk11.0.17_8\bin\zip.dll
0x00007ffd4bbc0000 - 0x00007ffd4c305000 	C:\Windows\System32\SHELL32.dll
0x00007ffd48280000 - 0x00007ffd48a12000 	C:\Windows\SYSTEM32\windows.storage.dll
0x00007ffd4c310000 - 0x00007ffd4c665000 	C:\Windows\System32\combase.dll
0x00007ffd49aa0000 - 0x00007ffd49ad0000 	C:\Windows\SYSTEM32\Wldp.dll
0x00007ffd4b680000 - 0x00007ffd4b72d000 	C:\Windows\System32\SHCORE.dll
0x00007ffd4ca60000 - 0x00007ffd4cab5000 	C:\Windows\System32\shlwapi.dll
0x00007ffd4a140000 - 0x00007ffd4a15f000 	C:\Windows\SYSTEM32\profapi.dll
0x00007ffd3df50000 - 0x00007ffd3df69000 	C:\Program Files\Amazon Corretto\jdk11.0.17_8\bin\net.dll
0x00007ffd44280000 - 0x00007ffd4438c000 	C:\Windows\SYSTEM32\WINHTTP.dll
0x00007ffd49880000 - 0x00007ffd498ea000 	C:\Windows\system32\mswsock.dll
0x00007ffd37910000 - 0x00007ffd37923000 	C:\Program Files\Amazon Corretto\jdk11.0.17_8\bin\nio.dll
0x0000000069ac0000 - 0x0000000069ae4000 	C:\Program Files\apache-maven-3.8.6\lib\jansi-native\Windows\x86_64\jansi.dll

dbghelp: loaded successfully - version: 4.0.5 - missing functions: none
symbol engine: initialized successfully - sym options: 0x614 - pdb path: .;C:\Program Files\Amazon Corretto\jdk11.0.17_8\bin;C:\Windows\SYSTEM32;C:\Windows\WinSxS\amd64_microsoft.windows.common-controls_6595b64144ccf1df_6.0.19041.1110_none_60b5254171f9507e;C:\Program Files\Amazon Corretto\jdk11.0.17_8\bin\server;C:\Program Files\apache-maven-3.8.6\lib\jansi-native\Windows\x86_64

VM Arguments:
jvm_args: -Dclassworlds.conf=C:\Program Files\apache-maven-3.8.6\bin\m2.conf -Dmaven.home=C:\Program Files\apache-maven-3.8.6 -Dlibrary.jansi.path=C:\Program Files\apache-maven-3.8.6\lib\jansi-native -Dmaven.multiModuleProjectDirectory=C:\Users\Yuliya\Java-projects\java-explore-with-me 
java_command: org.codehaus.plexus.classworlds.launcher.Launcher clean package
java_class_path (initial): C:\Program Files\apache-maven-3.8.6\boot\plexus-classworlds-2.6.0.jar
Launcher Type: SUN_STANDARD

[Global flags]
     intx CICompilerCount                          = 3                                         {product} {ergonomic}
     uint ConcGCThreads                            = 1                                         {product} {ergonomic}
     uint G1ConcRefinementThreads                  = 4                                         {product} {ergonomic}
   size_t G1HeapRegionSize                         = 1048576                                   {product} {ergonomic}
    uintx GCDrainStackTargetSize                   = 64                                        {product} {ergonomic}
   size_t InitialHeapSize                          = 67108864                                  {product} {ergonomic}
   size_t MarkStackSize                            = 4194304                                   {product} {ergonomic}
   size_t MaxHeapSize                              = 1056964608                                {product} {ergonomic}
   size_t MaxNewSize                               = 633339904                                 {product} {ergonomic}
   size_t MinHeapDeltaBytes                        = 1048576                                   {product} {ergonomic}
    uintx NonNMethodCodeHeapSize                   = 5830732                                {pd product} {ergonomic}
    uintx NonProfiledCodeHeapSize                  = 122913754                              {pd product} {ergonomic}
    uintx ProfiledCodeHeapSize                     = 122913754                              {pd product} {ergonomic}
    uintx ReservedCodeCacheSize                    = 251658240                              {pd product} {ergonomic}
     bool SegmentedCodeCache                       = true                                      {product} {ergonomic}
     bool UseCompressedClassPointers               = true                                 {lp64_product} {ergonomic}
     bool UseCompressedOops                        = true                                 {lp64_product} {ergonomic}
     bool UseG1GC                                  = true                                      {product} {ergonomic}
     bool UseLargePagesIndividualAllocation        = false                                  {pd product} {ergonomic}

Logging:
Log output configuration:
 #0: stdout all=warning uptime,level,tags
 #1: stderr all=off uptime,level,tags

Environment Variables:
JAVA_HOME=C:\Program Files\Amazon Corretto\jdk11.0.17_8
PATH=C:\Program Files\Amazon Corretto\jdk11.0.17_8\bin;C:\Program Files (x86)\Razer Chroma SDK\bin;C:\Program Files\Razer Chroma SDK\bin;C:\Program Files (x86)\Razer\ChromaBroadcast\bin;C:\Program Files\Razer\ChromaBroadcast\bin;C:\Windows\system32;C:\Windows;C:\Windows\System32\Wbem;C:\Windows\System32\WindowsPowerShell\v1.0\;C:\Windows\System32\OpenSSH\;C:\Program Files\Git\cmd;C:\Windows\system32\config\systemprofile\AppData\Local\Microsoft\WindowsApps;C:\Program Files (x86)\NVIDIA Corporation\PhysX\Common;C:\Program Files\Docker\Docker\resources\bin;C:\Program Files\apache-maven-3.8.6\bin;C:\Users\Yuliya\AppData\Local\Microsoft\WindowsApps;
USERNAME=Yuliya
OS=Windows_NT
PROCESSOR_IDENTIFIER=Intel64 Family 6 Model 94 Stepping 3, GenuineIntel
TMP=C:\Users\Yuliya\AppData\Local\Temp
TEMP=C:\Users\Yuliya\AppData\Local\Temp



---------------  S Y S T E M  ---------------

OS: Windows 10 , 64 bit Build 19041 (10.0.19041.2546)
OS uptime: 0 days 4:38 hours
Hyper-V role detected

CPU:total 4 (initial active 4) (4 cores per cpu, 1 threads per core) family 6 model 94 stepping 3 microcode 0xcc, cmov, cx8, fxsr, mmx, sse, sse2, sse3, ssse3, sse4.1, sse4.2, popcnt, avx, avx2, aes, clmul, erms, rtm, 3dnowpref, lzcnt, tsc, tscinvbit, bmi1, bmi2, adx, fma

Memory: 4k page, system-wide physical 4029M (39M free)
TotalPageFile size 16317M (AvailPageFile size 14M)
current process WorkingSet (physical memory assigned to process): 199M, peak: 204M
current process commit charge ("private bytes"): 256M, peak: 258M

vm_info: OpenJDK 64-Bit Server VM (11.0.17+8-LTS) for windows-amd64 JRE (11.0.17+8-LTS), built on Oct 14 2022 18:02:01 by "Administrator" with MS VC++ 15.9 (VS2017)

END.
